../../bin/win32/Debug/imageDenoising.ilk
../../bin/win32/Debug/imageDenoising.pdb
C:\PROGRAMDATA\NVIDIA CORPORATION\NVIDIA GPU COMPUTING SDK 4.2\C\BIN\WIN32\DEBUG\IMAGEDENOISING.EXE
C:\PROGRAMDATA\NVIDIA CORPORATION\NVIDIA GPU COMPUTING SDK 4.2\C\BIN\WIN32\DEBUG\IMAGEDENOISING.ILK
C:\PROGRAMDATA\NVIDIA CORPORATION\NVIDIA GPU COMPUTING SDK 4.2\C\BIN\WIN32\DEBUG\IMAGEDENOISING.PDB
C:\ProgramData\NVIDIA Corporation\NVIDIA GPU Computing SDK 4.2\C\src\Simulador2Dv42\../../bin/win32/Debug/imageDenoising.exe
C:\PROGRAMDATA\NVIDIA CORPORATION\NVIDIA GPU COMPUTING SDK 4.2\C\SRC\SIMULADOR2DV42\WIN32\DEBUG\BMPLOADER.OBJ
C:\ProgramData\NVIDIA Corporation\NVIDIA GPU Computing SDK 4.2\C\src\Simulador2Dv42\Win32\Debug\cl.command.1.tlog
C:\ProgramData\NVIDIA Corporation\NVIDIA GPU Computing SDK 4.2\C\src\Simulador2Dv42\Win32\Debug\CL.read.1.tlog
C:\ProgramData\NVIDIA Corporation\NVIDIA GPU Computing SDK 4.2\C\src\Simulador2Dv42\Win32\Debug\CL.write.1.tlog
C:\PROGRAMDATA\NVIDIA CORPORATION\NVIDIA GPU COMPUTING SDK 4.2\C\SRC\SIMULADOR2DV42\WIN32\DEBUG\COORDINATE.OBJ
C:\ProgramData\NVIDIA Corporation\NVIDIA GPU Computing SDK 4.2\C\src\Simulador2Dv42\Win32\Debug\cuda_functions.cu.cache
C:\ProgramData\NVIDIA Corporation\NVIDIA GPU Computing SDK 4.2\C\src\Simulador2Dv42\Win32\Debug\cuda_functions.cu.obj
C:\ProgramData\NVIDIA Corporation\NVIDIA GPU Computing SDK 4.2\C\src\Simulador2Dv42\Win32\Debug\cuPrintf.cu.cache
C:\PROGRAMDATA\NVIDIA CORPORATION\NVIDIA GPU COMPUTING SDK 4.2\C\SRC\SIMULADOR2DV42\WIN32\DEBUG\IMAGEDENOISING.EXE.INTERMEDIATE.MANIFEST
C:\ProgramData\NVIDIA Corporation\NVIDIA GPU Computing SDK 4.2\C\src\Simulador2Dv42\Win32\Debug\link.command.1.tlog
C:\ProgramData\NVIDIA Corporation\NVIDIA GPU Computing SDK 4.2\C\src\Simulador2Dv42\Win32\Debug\link.read.1.tlog
C:\ProgramData\NVIDIA Corporation\NVIDIA GPU Computing SDK 4.2\C\src\Simulador2Dv42\Win32\Debug\link.write.1.tlog
C:\ProgramData\NVIDIA Corporation\NVIDIA GPU Computing SDK 4.2\C\src\Simulador2Dv42\Win32\Debug\loadImage_kernel.cu.cache
C:\PROGRAMDATA\NVIDIA CORPORATION\NVIDIA GPU COMPUTING SDK 4.2\C\SRC\SIMULADOR2DV42\WIN32\DEBUG\MOBILE.OBJ
C:\PROGRAMDATA\NVIDIA CORPORATION\NVIDIA GPU COMPUTING SDK 4.2\C\SRC\SIMULADOR2DV42\WIN32\DEBUG\MOBILEMANAGER.OBJ
C:\ProgramData\NVIDIA Corporation\NVIDIA GPU Computing SDK 4.2\C\src\Simulador2Dv42\Win32\Debug\mt.command.1.tlog
C:\ProgramData\NVIDIA Corporation\NVIDIA GPU Computing SDK 4.2\C\src\Simulador2Dv42\Win32\Debug\mt.read.1.tlog
C:\ProgramData\NVIDIA Corporation\NVIDIA GPU Computing SDK 4.2\C\src\Simulador2Dv42\Win32\Debug\mt.write.1.tlog
C:\PROGRAMDATA\NVIDIA CORPORATION\NVIDIA GPU COMPUTING SDK 4.2\C\SRC\SIMULADOR2DV42\WIN32\DEBUG\PEDESTRIAN.OBJ
C:\ProgramData\NVIDIA Corporation\NVIDIA GPU Computing SDK 4.2\C\src\Simulador2Dv42\Win32\Debug\pedestrian_kernel.cu.cache
C:\PROGRAMDATA\NVIDIA CORPORATION\NVIDIA GPU COMPUTING SDK 4.2\C\SRC\SIMULADOR2DV42\WIN32\DEBUG\RENDERCHECK_GL.OBJ
C:\PROGRAMDATA\NVIDIA CORPORATION\NVIDIA GPU COMPUTING SDK 4.2\C\SRC\SIMULADOR2DV42\WIN32\DEBUG\SIMULATORGL.OBJ
C:\PROGRAMDATA\NVIDIA CORPORATION\NVIDIA GPU COMPUTING SDK 4.2\C\SRC\SIMULADOR2DV42\WIN32\DEBUG\TRANSMILENIO.OBJ
C:\ProgramData\NVIDIA Corporation\NVIDIA GPU Computing SDK 4.2\C\src\Simulador2Dv42\Win32\Debug\transmilenio_kernel.cu.cache
C:\ProgramData\NVIDIA Corporation\NVIDIA GPU Computing SDK 4.2\C\src\Simulador2Dv42\Win32\Debug\vc100.idb
C:\PROGRAMDATA\NVIDIA CORPORATION\NVIDIA GPU COMPUTING SDK 4.2\C\SRC\SIMULADOR2DV42\WIN32\DEBUG\VC100.PDB
C:\PROGRAMDATA\NVIDIA CORPORATION\NVIDIA GPU COMPUTING SDK 4.2\C\SRC\SIMULADOR2DV42\WIN32\DEBUG\VEHICLE.OBJ
C:\ProgramData\NVIDIA Corporation\NVIDIA GPU Computing SDK 4.2\C\src\Simulador2Dv42\Win32\Debug\vehicle_kernel.cu.cache
C:\PROGRAMDATA\NVIDIA CORPORATION\NVIDIA GPU COMPUTING SDK 4.2\C\SRC\SIMULADOR2DV42\WIN32\DEBUG\ZONE.OBJ
